TN:
SF:src/server.ts
FN:21,(anonymous_0)
FN:27,(anonymous_1)
FNF:2
FNH:1
FNDA:0,(anonymous_0)
FNDA:1,(anonymous_1)
DA:1,1
DA:2,1
DA:3,1
DA:4,1
DA:7,1
DA:13,1
DA:14,1
DA:15,1
DA:16,1
DA:19,1
DA:21,1
DA:22,0
DA:26,1
DA:34,1
DA:35,0
DA:40,1
DA:42,1
DA:43,0
DA:44,0
LF:19
LH:15
BRDA:34,0,0,0
BRDA:34,0,1,1
BRDA:34,1,0,1
BRDA:34,1,1,1
BRDA:40,2,0,1
BRDA:40,2,1,0
BRDA:40,3,0,1
BRDA:40,3,1,1
BRDA:43,4,0,0
BRF:9
BRH:6
end_of_record
TN:
SF:src/app/models/http-exception.model.ts
FN:3,(anonymous_0)
FNF:1
FNH:1
FNDA:1,(anonymous_0)
DA:5,1
DA:7,1
DA:8,1
DA:12,1
LF:4
LH:4
BRF:0
BRH:0
end_of_record
TN:
SF:src/app/routes/routes.ts
FNF:0
FNH:0
DA:1,1
DA:2,1
DA:3,1
DA:4,1
DA:5,1
DA:7,1
DA:13,1
LF:7
LH:7
BRF:0
BRH:0
end_of_record
TN:
SF:src/app/routes/article/article.controller.ts
FN:30,(anonymous_0)
FN:30,(anonymous_1)
FN:40,(anonymous_2)
FN:45,(anonymous_3)
FN:61,(anonymous_4)
FN:61,(anonymous_5)
FN:84,(anonymous_6)
FN:84,(anonymous_7)
FN:103,(anonymous_8)
FN:103,(anonymous_9)
FN:126,(anonymous_10)
FN:126,(anonymous_11)
FN:145,(anonymous_12)
FN:145,(anonymous_13)
FN:165,(anonymous_14)
FN:165,(anonymous_15)
FN:186,(anonymous_16)
FN:186,(anonymous_17)
FN:206,(anonymous_18)
FN:206,(anonymous_19)
FN:226,(anonymous_20)
FN:226,(anonymous_21)
FN:246,(anonymous_22)
FN:246,(anonymous_23)
FNF:24
FNH:0
FNDA:0,(anonymous_0)
FNDA:0,(anonymous_1)
FNDA:0,(anonymous_2)
FNDA:0,(anonymous_3)
FNDA:0,(anonymous_4)
FNDA:0,(anonymous_5)
FNDA:0,(anonymous_6)
FNDA:0,(anonymous_7)
FNDA:0,(anonymous_8)
FNDA:0,(anonymous_9)
FNDA:0,(anonymous_10)
FNDA:0,(anonymous_11)
FNDA:0,(anonymous_12)
FNDA:0,(anonymous_13)
FNDA:0,(anonymous_14)
FNDA:0,(anonymous_15)
FNDA:0,(anonymous_16)
FNDA:0,(anonymous_17)
FNDA:0,(anonymous_18)
FNDA:0,(anonymous_19)
FNDA:0,(anonymous_20)
FNDA:0,(anonymous_21)
FNDA:0,(anonymous_22)
FNDA:0,(anonymous_23)
DA:1,1
DA:2,1
DA:3,1
DA:17,1
DA:30,1
DA:31,0
DA:32,0
DA:33,0
DA:34,0
DA:36,0
DA:40,1
DA:41,0
DA:43,0
DA:44,0
DA:45,0
DA:47,0
DA:48,0
DA:58,1
DA:61,0
DA:62,0
DA:63,0
DA:68,0
DA:70,0
DA:84,1
DA:85,0
DA:86,0
DA:87,0
DA:89,0
DA:100,1
DA:103,0
DA:104,0
DA:105,0
DA:106,0
DA:108,0
DA:123,1
DA:126,0
DA:127,0
DA:128,0
DA:129,0
DA:131,0
DA:142,1
DA:145,0
DA:146,0
DA:147,0
DA:148,0
DA:150,0
DA:162,1
DA:165,0
DA:166,0
DA:167,0
DA:168,0
DA:170,0
DA:183,1
DA:186,0
DA:187,0
DA:188,0
DA:189,0
DA:191,0
DA:203,1
DA:206,0
DA:207,0
DA:208,0
DA:209,0
DA:211,0
DA:223,1
DA:226,0
DA:227,0
DA:228,0
DA:229,0
DA:231,0
DA:243,1
DA:246,0
DA:247,0
DA:248,0
DA:249,0
DA:251,0
DA:256,1
LF:77
LH:17
BRDA:32,0,0,0
BRDA:32,0,1,0
BRDA:32,1,0,0
BRDA:32,1,1,0
BRDA:32,2,0,0
BRDA:32,2,1,0
BRDA:32,3,0,0
BRDA:32,3,1,0
BRDA:43,4,0,0
BRDA:43,4,1,0
BRDA:66,5,0,0
BRDA:66,5,1,0
BRDA:66,6,0,0
BRDA:66,6,1,0
BRDA:66,7,0,0
BRDA:66,7,1,0
BRDA:66,8,0,0
BRDA:66,8,1,0
BRDA:86,9,0,0
BRDA:86,9,1,0
BRDA:86,10,0,0
BRDA:86,10,1,0
BRDA:86,11,0,0
BRDA:86,11,1,0
BRDA:86,12,0,0
BRDA:86,12,1,0
BRDA:105,13,0,0
BRDA:105,13,1,0
BRDA:105,14,0,0
BRDA:105,14,1,0
BRDA:105,15,0,0
BRDA:105,15,1,0
BRDA:105,16,0,0
BRDA:105,16,1,0
BRDA:128,17,0,0
BRDA:128,17,1,0
BRDA:128,18,0,0
BRDA:128,18,1,0
BRDA:128,19,0,0
BRDA:128,19,1,0
BRDA:128,20,0,0
BRDA:128,20,1,0
BRDA:147,21,0,0
BRDA:147,21,1,0
BRDA:147,22,0,0
BRDA:147,22,1,0
BRDA:167,23,0,0
BRDA:167,23,1,0
BRDA:167,24,0,0
BRDA:167,24,1,0
BRDA:167,25,0,0
BRDA:167,25,1,0
BRDA:167,26,0,0
BRDA:167,26,1,0
BRDA:188,27,0,0
BRDA:188,27,1,0
BRDA:188,28,0,0
BRDA:188,28,1,0
BRDA:188,29,0,0
BRDA:188,29,1,0
BRDA:188,30,0,0
BRDA:188,30,1,0
BRDA:208,31,0,0
BRDA:208,31,1,0
BRDA:208,32,0,0
BRDA:208,32,1,0
BRDA:208,33,0,0
BRDA:208,33,1,0
BRDA:208,34,0,0
BRDA:208,34,1,0
BRDA:228,35,0,0
BRDA:228,35,1,0
BRDA:228,36,0,0
BRDA:228,36,1,0
BRDA:228,37,0,0
BRDA:228,37,1,0
BRDA:228,38,0,0
BRDA:228,38,1,0
BRDA:248,39,0,0
BRDA:248,39,1,0
BRDA:248,40,0,0
BRDA:248,40,1,0
BRDA:248,41,0,0
BRDA:248,41,1,0
BRDA:248,42,0,0
BRDA:248,42,1,0
BRF:86
BRH:0
end_of_record
TN:
SF:src/app/routes/article/article.mapper.ts
FN:3,(anonymous_0)
FN:8,(anonymous_1)
FN:11,(anonymous_2)
FNF:3
FNH:0
FNDA:0,(anonymous_0)
FNDA:0,(anonymous_1)
FNDA:0,(anonymous_2)
DA:1,1
DA:3,1
DA:8,0
DA:11,0
DA:16,1
LF:5
LH:3
BRF:0
BRH:0
end_of_record
TN:
SF:src/app/routes/article/article.service.ts
FN:8,(anonymous_0)
FN:69,(anonymous_1)
FN:69,(anonymous_2)
FN:108,(anonymous_3)
FN:113,(anonymous_4)
FN:113,(anonymous_5)
FN:157,(anonymous_6)
FN:162,(anonymous_7)
FN:162,(anonymous_8)
FN:204,(anonymous_9)
FN:241,(anonymous_10)
FN:241,(anonymous_11)
FN:276,(anonymous_12)
FN:276,(anonymous_13)
FN:289,(anonymous_14)
FN:289,(anonymous_15)
FN:337,(anonymous_16)
FN:385,(anonymous_17)
FN:385,(anonymous_18)
FN:416,(anonymous_19)
FN:416,(anonymous_20)
FN:460,(anonymous_21)
FN:466,(anonymous_22)
FN:473,(anonymous_23)
FN:473,(anonymous_24)
FN:522,(anonymous_25)
FN:527,(anonymous_26)
FN:527,(anonymous_27)
FN:562,(anonymous_28)
FN:562,(anonymous_29)
FN:600,(anonymous_30)
FN:601,(anonymous_31)
FN:608,(anonymous_32)
FN:608,(anonymous_33)
FN:646,(anonymous_34)
FN:647,(anonymous_35)
FNF:36
FNH:0
FNDA:0,(anonymous_0)
FNDA:0,(anonymous_1)
FNDA:0,(anonymous_2)
FNDA:0,(anonymous_3)
FNDA:0,(anonymous_4)
FNDA:0,(anonymous_5)
FNDA:0,(anonymous_6)
FNDA:0,(anonymous_7)
FNDA:0,(anonymous_8)
FNDA:0,(anonymous_9)
FNDA:0,(anonymous_10)
FNDA:0,(anonymous_11)
FNDA:0,(anonymous_12)
FNDA:0,(anonymous_13)
FNDA:0,(anonymous_14)
FNDA:0,(anonymous_15)
FNDA:0,(anonymous_16)
FNDA:0,(anonymous_17)
FNDA:0,(anonymous_18)
FNDA:0,(anonymous_19)
FNDA:0,(anonymous_20)
FNDA:0,(anonymous_21)
FNDA:0,(anonymous_22)
FNDA:0,(anonymous_23)
FNDA:0,(anonymous_24)
FNDA:0,(anonymous_25)
FNDA:0,(anonymous_26)
FNDA:0,(anonymous_27)
FNDA:0,(anonymous_28)
FNDA:0,(anonymous_29)
FNDA:0,(anonymous_30)
FNDA:0,(anonymous_31)
FNDA:0,(anonymous_32)
FNDA:0,(anonymous_33)
FNDA:0,(anonymous_34)
FNDA:0,(anonymous_35)
DA:1,1
DA:2,1
DA:3,1
DA:4,1
DA:5,1
DA:8,1
DA:9,0
DA:10,0
DA:11,0
DA:13,0
DA:19,0
DA:20,0
DA:27,0
DA:28,0
DA:35,0
DA:42,0
DA:44,0
DA:45,0
DA:54,0
DA:55,0
DA:66,0
DA:69,1
DA:70,0
DA:71,0
DA:77,0
DA:107,0
DA:108,0
DA:113,1
DA:114,0
DA:122,0
DA:156,0
DA:157,0
DA:162,1
DA:163,0
DA:164,0
DA:166,0
DA:167,0
DA:170,0
DA:171,0
DA:174,0
DA:175,0
DA:178,0
DA:180,0
DA:189,0
DA:190,0
DA:195,0
DA:196,0
DA:197,0
DA:204,0
DA:238,0
DA:241,1
DA:242,0
DA:269,0
DA:270,0
DA:273,0
DA:276,1
DA:277,0
DA:289,1
DA:290,0
DA:292,0
DA:306,0
DA:307,0
DA:310,0
DA:311,0
DA:316,0
DA:317,0
DA:319,0
DA:320,0
DA:329,0
DA:330,0
DA:336,0
DA:337,0
DA:343,0
DA:345,0
DA:382,0
DA:385,1
DA:386,0
DA:400,0
DA:401,0
DA:404,0
DA:405,0
DA:409,0
DA:416,1
DA:417,0
DA:419,0
DA:425,0
DA:426,0
DA:433,0
DA:460,0
DA:466,0
DA:470,0
DA:473,1
DA:474,0
DA:475,0
DA:478,0
DA:487,0
DA:513,0
DA:522,0
DA:527,1
DA:528,0
DA:545,0
DA:546,0
DA:549,0
DA:550,0
DA:555,0
DA:562,1
DA:563,0
DA:597,0
DA:600,0
DA:601,0
DA:605,0
DA:608,1
DA:609,0
DA:643,0
DA:646,0
DA:647,0
DA:651,0
LF:117
LH:18
BRDA:19,0,0,0
BRDA:27,1,0,0
BRDA:44,2,0,0
BRDA:54,3,0,0
BRDA:82,4,0,0
BRDA:82,4,1,0
BRDA:83,5,0,0
BRDA:83,5,1,0
BRDA:131,6,0,0
BRDA:131,6,1,0
BRDA:132,7,0,0
BRDA:132,7,1,0
BRDA:164,8,0,0
BRDA:164,8,1,0
BRDA:166,9,0,0
BRDA:170,10,0,0
BRDA:174,11,0,0
BRDA:189,12,0,0
BRDA:269,13,0,0
BRDA:306,14,0,0
BRDA:310,15,0,0
BRDA:316,16,0,0
BRDA:319,17,0,0
BRDA:329,18,0,0
BRDA:336,19,0,0
BRDA:336,19,1,0
BRDA:336,20,0,0
BRDA:336,20,1,0
BRDA:336,21,0,0
BRDA:336,21,1,0
BRDA:336,22,0,0
BRDA:336,22,1,0
BRDA:350,23,0,0
BRDA:350,23,1,0
BRDA:351,24,0,0
BRDA:351,24,1,0
BRDA:352,25,0,0
BRDA:352,25,1,0
BRDA:353,26,0,0
BRDA:353,26,1,0
BRDA:400,27,0,0
BRDA:404,28,0,0
BRDA:425,29,0,0
BRDA:460,30,0,0
BRDA:460,30,1,0
BRDA:460,31,0,0
BRDA:460,31,1,0
BRDA:474,32,0,0
BRDA:492,33,0,0
BRDA:492,33,1,0
BRDA:492,34,0,0
BRDA:492,34,1,0
BRDA:545,35,0,0
BRDA:549,36,0,0
BRDA:600,37,0,0
BRDA:600,37,1,0
BRDA:600,38,0,0
BRDA:600,38,1,0
BRDA:602,39,0,0
BRDA:602,39,1,0
BRDA:602,40,0,0
BRDA:602,40,1,0
BRDA:646,41,0,0
BRDA:646,41,1,0
BRDA:646,42,0,0
BRDA:646,42,1,0
BRDA:648,43,0,0
BRDA:648,43,1,0
BRDA:648,44,0,0
BRDA:648,44,1,0
BRF:70
BRH:0
end_of_record
TN:
SF:src/app/routes/article/author.mapper.ts
FN:3,(anonymous_0)
FN:8,(anonymous_1)
FNF:2
FNH:0
FNDA:0,(anonymous_0)
FNDA:0,(anonymous_1)
DA:3,1
DA:8,0
DA:12,1
LF:3
LH:2
BRDA:7,0,0,0
BRDA:7,0,1,0
BRDA:8,1,0,0
BRDA:8,1,1,0
BRDA:8,2,0,0
BRDA:8,2,1,0
BRF:6
BRH:0
end_of_record
TN:
SF:src/app/routes/auth/auth.controller.ts
FN:14,(anonymous_0)
FN:14,(anonymous_1)
FN:30,(anonymous_2)
FN:30,(anonymous_3)
FN:45,(anonymous_4)
FN:45,(anonymous_5)
FN:61,(anonymous_6)
FN:61,(anonymous_7)
FNF:8
FNH:2
FNDA:1,(anonymous_0)
FNDA:1,(anonymous_1)
FNDA:0,(anonymous_2)
FNDA:0,(anonymous_3)
FNDA:0,(anonymous_4)
FNDA:0,(anonymous_5)
FNDA:0,(anonymous_6)
FNDA:0,(anonymous_7)
DA:1,1
DA:2,1
DA:3,1
DA:5,1
DA:14,1
DA:15,1
DA:16,1
DA:17,0
DA:19,1
DA:30,1
DA:31,0
DA:32,0
DA:33,0
DA:35,0
DA:45,1
DA:46,0
DA:47,0
DA:48,0
DA:50,0
DA:61,1
DA:62,0
DA:63,0
DA:64,0
DA:66,0
DA:70,1
LF:25
LH:12
BRDA:47,0,0,0
BRDA:47,0,1,0
BRDA:47,1,0,0
BRDA:47,1,1,0
BRDA:47,2,0,0
BRDA:47,2,1,0
BRDA:47,3,0,0
BRDA:47,3,1,0
BRDA:63,4,0,0
BRDA:63,4,1,0
BRDA:63,5,0,0
BRDA:63,5,1,0
BRDA:63,6,0,0
BRDA:63,6,1,0
BRDA:63,7,0,0
BRDA:63,7,1,0
BRF:16
BRH:0
end_of_record
TN:
SF:src/app/routes/auth/auth.service.ts
FN:9,(anonymous_0)
FN:9,(anonymous_1)
FN:38,(anonymous_2)
FN:38,(anonymous_3)
FN:84,(anonymous_4)
FN:84,(anonymous_5)
FN:131,(anonymous_6)
FN:131,(anonymous_7)
FN:151,(anonymous_8)
FN:151,(anonymous_9)
FNF:10
FNH:2
FNDA:0,(anonymous_0)
FNDA:0,(anonymous_1)
FNDA:1,(anonymous_2)
FNDA:1,(anonymous_3)
FNDA:0,(anonymous_4)
FNDA:0,(anonymous_5)
FNDA:0,(anonymous_6)
FNDA:0,(anonymous_7)
FNDA:0,(anonymous_8)
FNDA:0,(anonymous_9)
DA:1,1
DA:3,1
DA:4,1
DA:6,1
DA:9,1
DA:10,0
DA:19,0
DA:28,0
DA:29,0
DA:38,1
DA:39,1
DA:40,1
DA:41,1
DA:42,1
DA:44,1
DA:45,1
DA:48,0
DA:49,0
DA:52,0
DA:53,0
DA:56,0
DA:58,0
DA:60,0
DA:78,0
DA:84,1
DA:85,0
DA:86,0
DA:88,0
DA:89,0
DA:92,0
DA:93,0
DA:96,0
DA:110,0
DA:111,0
DA:113,0
DA:114,0
DA:124,0
DA:131,1
DA:132,0
DA:145,0
DA:151,1
DA:152,0
DA:155,0
DA:156,0
DA:159,0
DA:179,0
LF:46
LH:15
BRDA:28,0,0,0
BRDA:28,1,0,0
BRDA:28,1,1,0
BRDA:31,2,0,0
BRDA:31,2,1,0
BRDA:32,3,0,0
BRDA:32,3,1,0
BRDA:39,4,0,0
BRDA:39,4,1,1
BRDA:39,5,0,1
BRDA:39,5,1,1
BRDA:40,6,0,0
BRDA:40,6,1,1
BRDA:40,7,0,1
BRDA:40,7,1,1
BRDA:41,8,0,0
BRDA:41,8,1,1
BRDA:41,9,0,1
BRDA:41,9,1,1
BRDA:44,10,0,1
BRDA:48,11,0,0
BRDA:52,12,0,0
BRDA:65,13,0,0
BRDA:65,13,1,0
BRDA:66,14,0,0
BRDA:66,14,1,0
BRDA:67,15,0,0
BRDA:67,15,1,0
BRDA:85,16,0,0
BRDA:85,16,1,0
BRDA:85,17,0,0
BRDA:85,17,1,0
BRDA:86,18,0,0
BRDA:86,18,1,0
BRDA:86,19,0,0
BRDA:86,19,1,0
BRDA:88,20,0,0
BRDA:92,21,0,0
BRDA:110,22,0,0
BRDA:113,23,0,0
BRDA:155,24,0,0
BRDA:164,25,0,0
BRDA:164,25,1,0
BRDA:165,26,0,0
BRDA:165,26,1,0
BRDA:166,27,0,0
BRDA:166,27,1,0
BRDA:167,28,0,0
BRDA:167,28,1,0
BRDA:168,29,0,0
BRDA:168,29,1,0
BRF:51
BRH:10
end_of_record
TN:
SF:src/app/routes/auth/auth.ts
FN:4,(anonymous_0)
FNF:1
FNH:0
FNDA:0,(anonymous_0)
DA:1,1
DA:4,1
DA:5,0
DA:9,0
DA:11,0
DA:14,1
DA:28,1
LF:7
LH:4
BRDA:5,0,0,0
BRDA:6,1,0,0
BRDA:6,1,1,0
BRDA:6,1,2,0
BRDA:6,1,3,0
BRDA:16,2,0,1
BRDA:16,2,1,1
BRDA:21,3,0,1
BRDA:21,3,1,1
BRF:9
BRH:4
end_of_record
TN:
SF:src/app/routes/auth/token.utils.ts
FN:3,(anonymous_0)
FNF:1
FNH:0
FNDA:0,(anonymous_0)
DA:1,1
DA:3,1
DA:4,0
DA:8,1
LF:4
LH:3
BRDA:4,0,0,0
BRDA:4,0,1,0
BRF:2
BRH:0
end_of_record
TN:
SF:src/app/routes/profile/profile.controller.ts
FN:17,(anonymous_0)
FN:17,(anonymous_1)
FN:37,(anonymous_2)
FN:37,(anonymous_3)
FN:57,(anonymous_4)
FN:57,(anonymous_5)
FNF:6
FNH:0
FNDA:0,(anonymous_0)
FNDA:0,(anonymous_1)
FNDA:0,(anonymous_2)
FNDA:0,(anonymous_3)
FNDA:0,(anonymous_4)
FNDA:0,(anonymous_5)
DA:1,1
DA:2,1
DA:3,1
DA:5,1
DA:14,1
DA:17,0
DA:18,0
DA:19,0
DA:20,0
DA:22,0
DA:34,1
DA:37,0
DA:38,0
DA:39,0
DA:40,0
DA:42,0
DA:54,1
DA:57,0
DA:58,0
DA:59,0
DA:60,0
DA:62,0
DA:67,1
LF:23
LH:8
BRDA:19,0,0,0
BRDA:19,0,1,0
BRDA:19,1,0,0
BRDA:19,1,1,0
BRDA:19,2,0,0
BRDA:19,2,1,0
BRDA:19,3,0,0
BRDA:19,3,1,0
BRDA:39,4,0,0
BRDA:39,4,1,0
BRDA:39,5,0,0
BRDA:39,5,1,0
BRDA:39,6,0,0
BRDA:39,6,1,0
BRDA:39,7,0,0
BRDA:39,7,1,0
BRDA:39,8,0,0
BRDA:39,8,1,0
BRDA:39,9,0,0
BRDA:39,9,1,0
BRDA:59,10,0,0
BRDA:59,10,1,0
BRDA:59,11,0,0
BRDA:59,11,1,0
BRDA:59,12,0,0
BRDA:59,12,1,0
BRDA:59,13,0,0
BRDA:59,13,1,0
BRF:28
BRH:0
end_of_record
TN:
SF:src/app/routes/profile/profile.service.ts
FN:5,(anonymous_0)
FN:5,(anonymous_1)
FN:22,(anonymous_2)
FN:22,(anonymous_3)
FN:42,(anonymous_4)
FN:42,(anonymous_5)
FNF:6
FNH:0
FNDA:0,(anonymous_0)
FNDA:0,(anonymous_1)
FNDA:0,(anonymous_2)
FNDA:0,(anonymous_3)
FNDA:0,(anonymous_4)
FNDA:0,(anonymous_5)
DA:1,1
DA:2,1
DA:3,1
DA:5,1
DA:6,0
DA:15,0
DA:16,0
DA:19,0
DA:22,1
DA:23,0
DA:39,0
DA:42,1
DA:43,0
DA:59,0
LF:14
LH:6
BRDA:15,0,0,0
BRF:1
BRH:0
end_of_record
TN:
SF:src/app/routes/profile/profile.utils.ts
FN:4,(anonymous_0)
FN:9,(anonymous_1)
FNF:2
FNH:0
FNDA:0,(anonymous_0)
FNDA:0,(anonymous_1)
DA:4,1
DA:9,0
DA:13,1
LF:3
LH:2
BRDA:8,0,0,0
BRDA:8,0,1,0
BRDA:9,1,0,0
BRDA:9,1,1,0
BRDA:9,2,0,0
BRDA:9,2,1,0
BRF:6
BRH:0
end_of_record
TN:
SF:src/app/routes/tag/tag.controller.ts
FN:13,(anonymous_0)
FN:13,(anonymous_1)
FNF:2
FNH:0
FNDA:0,(anonymous_0)
FNDA:0,(anonymous_1)
DA:1,1
DA:2,1
DA:3,1
DA:5,1
DA:13,1
DA:14,0
DA:15,0
DA:16,0
DA:18,0
DA:22,1
LF:10
LH:6
BRDA:15,0,0,0
BRDA:15,0,1,0
BRDA:15,1,0,0
BRDA:15,1,1,0
BRDA:15,2,0,0
BRDA:15,2,1,0
BRDA:15,3,0,0
BRDA:15,3,1,0
BRF:8
BRH:0
end_of_record
TN:
SF:src/app/routes/tag/tag.service.ts
FN:4,(anonymous_0)
FN:4,(anonymous_1)
FN:37,(anonymous_2)
FNF:3
FNH:0
FNDA:0,(anonymous_0)
FNDA:0,(anonymous_1)
FNDA:0,(anonymous_2)
DA:1,1
DA:4,1
DA:5,0
DA:6,0
DA:8,0
DA:9,0
DA:16,0
DA:37,0
DA:40,1
LF:9
LH:3
BRDA:8,0,0,0
BRF:1
BRH:0
end_of_record
TN:
SF:src/detail/config.ts
FN:2,(anonymous_0)
FNF:1
FNH:1
FNDA:1,(anonymous_0)
DA:1,1
DA:2,2
LF:2
LH:2
BRF:0
BRH:0
end_of_record
TN:
SF:src/prisma/prisma-client.ts
FNF:0
FNH:0
DA:1,1
DA:2,1
DA:18,1
DA:19,1
DA:20,0
DA:23,1
LF:6
LH:5
BRDA:18,0,0,1
BRDA:18,0,1,1
BRDA:19,1,0,0
BRF:3
BRH:2
end_of_record
